2019-06-11 21:01:14.364  INFO 11092 --- [restartedMain] com.spring.Application                   : Starting Application on polunzi-PC with PID 11092 (E:\spring_cloud\miscroservice-provider-simple-user\target\classes started by polunzi in E:\spring_cloud\miscroservice-provider-simple-user)
2019-06-11 21:01:14.365 DEBUG 11092 --- [restartedMain] com.spring.Application                   : Running with Spring Boot v2.0.5.RELEASE, Spring v5.0.9.RELEASE
2019-06-11 21:01:14.366  INFO 11092 --- [restartedMain] com.spring.Application                   : No active profile set, falling back to default profiles: default
2019-06-11 21:01:14.410  INFO 11092 --- [restartedMain] ConfigServletWebServerApplicationContext : Refreshing org.springframework.boot.web.servlet.context.AnnotationConfigServletWebServerApplicationContext@596725b4: startup date [Tue Jun 11 21:01:14 CST 2019]; root of context hierarchy
2019-06-11 21:01:15.805  INFO 11092 --- [restartedMain] trationDelegate$BeanPostProcessorChecker : Bean 'org.springframework.transaction.annotation.ProxyTransactionManagementConfiguration' of type [org.springframework.transaction.annotation.ProxyTransactionManagementConfiguration$$EnhancerBySpringCGLIB$$4b2802f5] is not eligible for getting processed by all BeanPostProcessors (for example: not eligible for auto-proxying)
2019-06-11 21:01:16.302  INFO 11092 --- [restartedMain] o.s.b.w.embedded.tomcat.TomcatWebServer  : Tomcat initialized with port(s): 8000 (http)
2019-06-11 21:01:16.335  INFO 11092 --- [restartedMain] o.apache.catalina.core.StandardService   : Starting service [Tomcat]
2019-06-11 21:01:16.335  INFO 11092 --- [restartedMain] org.apache.catalina.core.StandardEngine  : Starting Servlet Engine: Apache Tomcat/8.5.34
2019-06-11 21:01:16.341  INFO 11092 --- [localhost-startStop-1] o.a.catalina.core.AprLifecycleListener   : The APR based Apache Tomcat Native library which allows optimal performance in production environments was not found on the java.library.path: [C:\Program Files\Java\jdk1.8.0_181\bin;C:\windows\Sun\Java\bin;C:\windows\system32;C:\windows;C:\Program Files\Java\jdk1.8.0_181\jre\bin;C:/Program Files/Java/jre1.8.0_181/bin/server;C:/Program Files/Java/jre1.8.0_181/bin;C:/Program Files/Java/jre1.8.0_181/lib/amd64;C:\Program Files (x86)\Common Files\Oracle\Java\javapath;C:\Windows\system32;C:\Windows;C:\Windows\System32\Wbem;C:\Windows\System32\WindowsPowerShell\v1.0\;D:\MySQL\mysql-5.6\bin;C:\Program Files\Java\jdk1.8.0_181\bin;D:\maven\apache-maven-3.5.3-bin\apache-maven-3.5.3\bin;D:\redis\redis;C:\Program Files (x86)\Git\cmd;C:\Program Files (x86)\NVIDIA Corporation\PhysX\Common;C:\Users\polunzi\Desktop;;.]
2019-06-11 21:01:16.475  INFO 11092 --- [localhost-startStop-1] o.a.c.c.C.[Tomcat].[localhost].[/]       : Initializing Spring embedded WebApplicationContext
2019-06-11 21:01:16.475  INFO 11092 --- [localhost-startStop-1] o.s.web.context.ContextLoader            : Root WebApplicationContext: initialization completed in 2065 ms
2019-06-11 21:01:16.543  INFO 11092 --- [localhost-startStop-1] o.s.b.w.servlet.ServletRegistrationBean  : Servlet dispatcherServlet mapped to [/]
2019-06-11 21:01:16.549  INFO 11092 --- [localhost-startStop-1] o.s.b.w.servlet.FilterRegistrationBean   : Mapping filter: 'characterEncodingFilter' to: [/*]
2019-06-11 21:01:16.549  INFO 11092 --- [localhost-startStop-1] o.s.b.w.servlet.FilterRegistrationBean   : Mapping filter: 'hiddenHttpMethodFilter' to: [/*]
2019-06-11 21:01:16.550  INFO 11092 --- [localhost-startStop-1] o.s.b.w.servlet.FilterRegistrationBean   : Mapping filter: 'httpPutFormContentFilter' to: [/*]
2019-06-11 21:01:16.550  INFO 11092 --- [localhost-startStop-1] o.s.b.w.servlet.FilterRegistrationBean   : Mapping filter: 'requestContextFilter' to: [/*]
2019-06-11 21:01:16.771  INFO 11092 --- [restartedMain] j.LocalContainerEntityManagerFactoryBean : Building JPA container EntityManagerFactory for persistence unit 'default'
2019-06-11 21:01:16.787  INFO 11092 --- [restartedMain] o.hibernate.jpa.internal.util.LogHelper  : HHH000204: Processing PersistenceUnitInfo [
	name: default
	...]
2019-06-11 21:01:16.862  INFO 11092 --- [restartedMain] org.hibernate.Version                    : HHH000412: Hibernate Core {5.2.17.Final}
2019-06-11 21:01:16.863  INFO 11092 --- [restartedMain] org.hibernate.cfg.Environment            : HHH000206: hibernate.properties not found
2019-06-11 21:01:16.911  INFO 11092 --- [restartedMain] o.hibernate.annotations.common.Version   : HCANN000001: Hibernate Commons Annotations {5.0.1.Final}
2019-06-11 21:01:17.008  INFO 11092 --- [restartedMain] com.zaxxer.hikari.HikariDataSource       : HikariPool-1 - Starting...
2019-06-11 21:01:17.321  INFO 11092 --- [restartedMain] com.zaxxer.hikari.HikariDataSource       : HikariPool-1 - Start completed.
2019-06-11 21:01:17.331  INFO 11092 --- [restartedMain] org.hibernate.dialect.Dialect            : HHH000400: Using dialect: org.hibernate.dialect.MySQL5Dialect
2019-06-11 21:01:17.766  INFO 11092 --- [restartedMain] j.LocalContainerEntityManagerFactoryBean : Initialized JPA EntityManagerFactory for persistence unit 'default'
2019-06-11 21:01:17.874  INFO 11092 --- [restartedMain] o.s.w.s.handler.SimpleUrlHandlerMapping  : Mapped URL path [/**/favicon.ico] onto handler of type [class org.springframework.web.servlet.resource.ResourceHttpRequestHandler]
2019-06-11 21:01:18.465  INFO 11092 --- [restartedMain] s.w.s.m.m.a.RequestMappingHandlerAdapter : Looking for @ControllerAdvice: org.springframework.boot.web.servlet.context.AnnotationConfigServletWebServerApplicationContext@596725b4: startup date [Tue Jun 11 21:01:14 CST 2019]; root of context hierarchy
2019-06-11 21:01:18.515  WARN 11092 --- [restartedMain] aWebConfiguration$JpaWebMvcConfiguration : spring.jpa.open-in-view is enabled by default. Therefore, database queries may be performed during view rendering. Explicitly configure spring.jpa.open-in-view to disable this warning
2019-06-11 21:01:18.568  INFO 11092 --- [restartedMain] s.w.s.m.m.a.RequestMappingHandlerMapping : Mapped "{[/error]}" onto public org.springframework.http.ResponseEntity<java.util.Map<java.lang.String, java.lang.Object>> org.springframework.boot.autoconfigure.web.servlet.error.BasicErrorController.error(javax.servlet.http.HttpServletRequest)
2019-06-11 21:01:18.570  INFO 11092 --- [restartedMain] s.w.s.m.m.a.RequestMappingHandlerMapping : Mapped "{[/error],produces=[text/html]}" onto public org.springframework.web.servlet.ModelAndView org.springframework.boot.autoconfigure.web.servlet.error.BasicErrorController.errorHtml(javax.servlet.http.HttpServletRequest,javax.servlet.http.HttpServletResponse)
2019-06-11 21:01:18.613  INFO 11092 --- [restartedMain] o.s.w.s.handler.SimpleUrlHandlerMapping  : Mapped URL path [/webjars/**] onto handler of type [class org.springframework.web.servlet.resource.ResourceHttpRequestHandler]
2019-06-11 21:01:18.613  INFO 11092 --- [restartedMain] o.s.w.s.handler.SimpleUrlHandlerMapping  : Mapped URL path [/**] onto handler of type [class org.springframework.web.servlet.resource.ResourceHttpRequestHandler]
2019-06-11 21:01:18.962  INFO 11092 --- [restartedMain] o.s.b.d.a.OptionalLiveReloadServer       : LiveReload server is running on port 35729
2019-06-11 21:01:18.993  INFO 11092 --- [restartedMain] o.s.j.e.a.AnnotationMBeanExporter        : Registering beans for JMX exposure on startup
2019-06-11 21:01:18.995  INFO 11092 --- [restartedMain] o.s.j.e.a.AnnotationMBeanExporter        : Bean with name 'dataSource' has been autodetected for JMX exposure
2019-06-11 21:01:19.001  INFO 11092 --- [restartedMain] o.s.j.e.a.AnnotationMBeanExporter        : Located MBean 'dataSource': registering with JMX server as MBean [com.zaxxer.hikari:name=dataSource,type=HikariDataSource]
2019-06-11 21:01:19.042  INFO 11092 --- [restartedMain] o.s.b.w.embedded.tomcat.TomcatWebServer  : Tomcat started on port(s): 8000 (http) with context path ''
2019-06-11 21:01:19.046  INFO 11092 --- [restartedMain] com.spring.Application                   : Started Application in 5.076 seconds (JVM running for 6.312)
2019-06-11 21:02:43.747  INFO 11092 --- [Thread-6] ConfigServletWebServerApplicationContext : Closing org.springframework.boot.web.servlet.context.AnnotationConfigServletWebServerApplicationContext@596725b4: startup date [Tue Jun 11 21:01:14 CST 2019]; root of context hierarchy
2019-06-11 21:02:43.752  INFO 11092 --- [Thread-6] o.s.j.e.a.AnnotationMBeanExporter        : Unregistering JMX-exposed beans on shutdown
2019-06-11 21:02:43.752  INFO 11092 --- [Thread-6] o.s.j.e.a.AnnotationMBeanExporter        : Unregistering JMX-exposed beans
2019-06-11 21:02:43.754  INFO 11092 --- [Thread-6] j.LocalContainerEntityManagerFactoryBean : Closing JPA EntityManagerFactory for persistence unit 'default'
2019-06-11 21:02:43.756  INFO 11092 --- [Thread-6] com.zaxxer.hikari.HikariDataSource       : HikariPool-1 - Shutdown initiated...
2019-06-11 21:02:43.765  INFO 11092 --- [Thread-6] com.zaxxer.hikari.HikariDataSource       : HikariPool-1 - Shutdown completed.
